Determining if the pthread_create exist failed with the following output:
Change Dir: /home/ethan/Desktop/2d-engine/build/CMakeFiles/CMakeTmp

Run Build Command:"/usr/bin/make" "cmTC_0a832/fast"
/usr/bin/make -f CMakeFiles/cmTC_0a832.dir/build.make CMakeFiles/cmTC_0a832.dir/build
make[1]: Entering directory '/home/ethan/Desktop/2d-engine/build/CMakeFiles/CMakeTmp'
Building C object CMakeFiles/cmTC_0a832.dir/CheckSymbolExists.c.o
/usr/bin/cc    -o CMakeFiles/cmTC_0a832.dir/CheckSymbolExists.c.o   -c /home/ethan/Desktop/2d-engine/build/CMakeFiles/CMakeTmp/CheckSymbolExists.c
Linking C executable cmTC_0a832
/usr/local/bin/cmake -E cmake_link_script CMakeFiles/cmTC_0a832.dir/link.txt --verbose=1
/usr/bin/cc      CMakeFiles/cmTC_0a832.dir/CheckSymbolExists.c.o  -o cmTC_0a832 
CMakeFiles/cmTC_0a832.dir/CheckSymbolExists.c.o: In function `main':
CheckSymbolExists.c:(.text+0x16): undefined reference to `pthread_create'
collect2: error: ld returned 1 exit status
CMakeFiles/cmTC_0a832.dir/build.make:86: recipe for target 'cmTC_0a832' failed
make[1]: *** [cmTC_0a832] Error 1
make[1]: Leaving directory '/home/ethan/Desktop/2d-engine/build/CMakeFiles/CMakeTmp'
Makefile:126: recipe for target 'cmTC_0a832/fast' failed
make: *** [cmTC_0a832/fast] Error 2

File /home/ethan/Desktop/2d-engine/build/CMakeFiles/CMakeTmp/CheckSymbolExists.c:
/* */
#include <pthread.h>

int main(int argc, char** argv)
{
  (void)argv;
#ifndef pthread_create
  return ((int*)(&pthread_create))[argc];
#else
  (void)argc;
  return 0;
#endif
}

Determining if the function pthread_create exists in the pthreads failed with the following output:
Change Dir: /home/ethan/Desktop/2d-engine/build/CMakeFiles/CMakeTmp

Run Build Command:"/usr/bin/make" "cmTC_69c05/fast"
/usr/bin/make -f CMakeFiles/cmTC_69c05.dir/build.make CMakeFiles/cmTC_69c05.dir/build
make[1]: Entering directory '/home/ethan/Desktop/2d-engine/build/CMakeFiles/CMakeTmp'
Building C object CMakeFiles/cmTC_69c05.dir/CheckFunctionExists.c.o
/usr/bin/cc   -DCHECK_FUNCTION_EXISTS=pthread_create   -o CMakeFiles/cmTC_69c05.dir/CheckFunctionExists.c.o   -c /usr/local/share/cmake-3.11/Modules/CheckFunctionExists.c
Linking C executable cmTC_69c05
/usr/local/bin/cmake -E cmake_link_script CMakeFiles/cmTC_69c05.dir/link.txt --verbose=1
/usr/bin/cc  -DCHECK_FUNCTION_EXISTS=pthread_create    CMakeFiles/cmTC_69c05.dir/CheckFunctionExists.c.o  -o cmTC_69c05 -lpthreads 
/usr/bin/ld: cannot find -lpthreads
collect2: error: ld returned 1 exit status
CMakeFiles/cmTC_69c05.dir/build.make:86: recipe for target 'cmTC_69c05' failed
make[1]: *** [cmTC_69c05] Error 1
make[1]: Leaving directory '/home/ethan/Desktop/2d-engine/build/CMakeFiles/CMakeTmp'
Makefile:126: recipe for target 'cmTC_69c05/fast' failed
make: *** [cmTC_69c05/fast] Error 2


